2026-04-08 16:16:15,770 - INFO - ================================================================================
2026-04-08 16:16:15,771 - INFO - STEP 1: HANDLE MISSING VALUES
2026-04-08 16:16:15,771 - INFO - ================================================================================
2026-04-08 16:16:15,771 - INFO - Input: ../test/sample_data_1000.json
2026-04-08 16:16:15,771 - INFO - Output: ../test/data_missing_handled.json

2026-04-08 16:16:15,820 - INFO - Starting to handle missing values...
2026-04-08 16:16:15,821 - INFO - Processed 100/1000 articles...
2026-04-08 16:16:15,821 - INFO - Processed 200/1000 articles...
2026-04-08 16:16:15,821 - INFO - Processed 300/1000 articles...
2026-04-08 16:16:15,822 - INFO - Processed 400/1000 articles...
2026-04-08 16:16:15,822 - INFO - Processed 500/1000 articles...
2026-04-08 16:16:15,823 - INFO - Processed 600/1000 articles...
2026-04-08 16:16:15,823 - INFO - Processed 700/1000 articles...
2026-04-08 16:16:15,823 - INFO - Processed 800/1000 articles...
2026-04-08 16:16:15,823 - INFO - Processed 900/1000 articles...
2026-04-08 16:16:15,823 - INFO - Processed 1000/1000 articles...
2026-04-08 16:16:15,825 - INFO - Starting validation...
2026-04-08 16:16:15,894 - INFO - 
================================================================================
2026-04-08 16:16:15,894 - INFO - PROCESSING STATISTICS
2026-04-08 16:16:15,894 - INFO - ================================================================================
2026-04-08 16:16:15,894 - INFO - Total articles: 1000
2026-04-08 16:16:15,899 - INFO - Featured image alt fixed: 0 (0.0%)
2026-04-08 16:16:15,902 - INFO - ================================================================================

