2026-04-08 17:40:39,400 - INFO - ================================================================================
2026-04-08 17:40:39,403 - INFO - ================================================================================
2026-04-08 17:40:39,403 - INFO - Database: vietnamese_news
2026-04-08 17:40:39,404 - INFO - Collection: news_data_preprocessing
2026-04-08 17:40:39,404 - INFO - Timestamp: 2026-04-08T17:40:39.404921

2026-04-08 17:40:42,085 - INFO - 
================================================================================
2026-04-08 17:40:42,086 - INFO - ================================================================================
2026-04-08 17:54:24,406 - INFO - 
================================================================================
2026-04-08 17:54:24,408 - INFO - ================================================================================
2026-04-08 17:54:24,419 - INFO - 
   Sample 1: ID 69d4c2090dd7256644d7e14c
2026-04-08 17:54:24,421 - INFO - 
   Sample 2: ID 69d4c2090dd7256644d7e14f
2026-04-08 17:54:24,424 - INFO - 
   Sample 3: ID 69d4c2090dd7256644d7e150
2026-04-08 17:54:24,426 - INFO - 
   Sample 4: ID 69d4c2090dd7256644d7e151
2026-04-08 17:54:24,428 - INFO - 
   Sample 5: ID 69d4c2090dd7256644d7e152
2026-04-08 17:54:24,430 - INFO - 
================================================================================
2026-04-08 17:54:24,495 - INFO - 
================================================================================
2026-04-08 17:54:24,496 - INFO - ================================================================================
2026-04-08 17:54:24,496 - INFO - Timestamp: 2026-04-08T17:54:24.496371
