2026-04-08 20:01:12,502 - INFO - 
Kết nối MongoDB...
2026-04-08 20:01:13,996 - INFO - [OK] Đã kết nối MongoDB

2026-04-08 20:01:13,997 - INFO - ================================================================================
2026-04-08 20:01:13,998 - INFO - PHASE 3.6: NORMALIZE SCHEMA
2026-04-08 20:01:13,998 - INFO - ================================================================================
2026-04-08 20:01:14,062 - INFO - 
[INFO] Tổng documents: 13,159
2026-04-08 20:01:14,063 - INFO - [INFO] Sẽ thực hiện:
2026-04-08 20:01:14,063 - INFO -        1. Convert publish_date → ISO 8601 format
2026-04-08 20:01:14,063 - INFO -        2. Map categories (11 → 7)

2026-04-08 20:01:14,063 - INFO - Lấy tất cả documents...
2026-04-08 20:01:14,614 - INFO - [OK] Đã lấy 13,159 documents

2026-04-08 20:01:14,614 - INFO - Đang normalize schema...
2026-04-08 20:03:17,543 - INFO -    Đã normalize 2,000/13,159 documents...
2026-04-08 20:05:18,542 - INFO -    Đã normalize 4,000/13,159 documents...
2026-04-08 20:07:17,354 - INFO -    Đã normalize 6,000/13,159 documents...
2026-04-08 20:09:17,729 - INFO -    Đã normalize 8,000/13,159 documents...
2026-04-08 20:11:17,588 - INFO -    Đã normalize 10,000/13,159 documents...
2026-04-08 20:13:18,276 - INFO -    Đã normalize 12,000/13,159 documents...
2026-04-08 20:14:28,314 - INFO - [OK] Đã normalize xong!

2026-04-08 20:14:28,324 - INFO - ================================================================================
2026-04-08 20:14:28,324 - INFO - SAMPLE DOCUMENTS (After Normalization)
2026-04-08 20:14:28,324 - INFO - ================================================================================
2026-04-08 20:14:28,394 - INFO - 
Sample 1:
2026-04-08 20:14:28,394 - INFO -    _id: 69d4c2090dd7256644d7e14c
2026-04-08 20:14:28,395 - INFO -    site: vnexpress
2026-04-08 20:14:28,395 - INFO -    publish_date: 2026-04-07T15:32:00+07:00
2026-04-08 20:14:28,395 - INFO -    category: Thời sự
2026-04-08 20:14:28,395 - INFO - 
Sample 2:
2026-04-08 20:14:28,395 - INFO -    _id: 69d4c2090dd7256644d7e14f
2026-04-08 20:14:28,395 - INFO -    site: vnexpress
2026-04-08 20:14:28,395 - INFO -    publish_date: 2026-04-07T15:28:00+07:00
2026-04-08 20:14:28,396 - INFO -    category: Thời sự
2026-04-08 20:14:28,396 - INFO - 
Sample 3:
2026-04-08 20:14:28,396 - INFO -    _id: 69d4c2090dd7256644d7e150
2026-04-08 20:14:28,396 - INFO -    site: vnexpress
2026-04-08 20:14:28,396 - INFO -    publish_date: 2026-04-07T13:30:00+07:00
2026-04-08 20:14:28,396 - INFO -    category: Thời sự
2026-04-08 20:14:28,397 - INFO - 
================================================================================
2026-04-08 20:14:28,397 - INFO - [NORMALIZATION REPORT]
2026-04-08 20:14:28,397 - INFO - ================================================================================
2026-04-08 20:14:28,397 - INFO - 
[STATISTICS]
2026-04-08 20:14:28,397 - INFO -    Total documents: 13,159
2026-04-08 20:14:28,398 - INFO -    DateTime converted: 2,957 (22.5%)
2026-04-08 20:14:28,398 - INFO -    DateTime unchanged: 10,202 (77.5%)
2026-04-08 20:14:28,398 - INFO -    Category mapped: 515 (3.9%)
2026-04-08 20:14:28,399 - INFO -    Category unchanged: 12,644 (96.1%)
2026-04-08 20:14:28,399 - INFO -    Errors: 0
2026-04-08 20:14:28,399 - INFO - 
[CATEGORY MAPPINGS APPLIED]
2026-04-08 20:14:28,399 - INFO -    Kinh doanh → Kinh tế
2026-04-08 20:14:28,399 - INFO -    Khoa học - Công nghệ → Công nghệ
2026-04-08 20:14:28,399 - INFO -    Văn hóa giải trí → Giải trí
2026-04-08 20:14:28,399 - INFO -    Khoa học & CN → Công nghệ
2026-04-08 20:14:28,400 - INFO - 
================================================================================
2026-04-08 20:14:28,400 - INFO - [OK] Database connection closed
2026-04-08 20:14:28,400 - INFO - ================================================================================
2026-04-08 20:14:28,400 - INFO - 
[OK] SCHEMA NORMALIZATION COMPLETED!
2026-04-08 20:14:28,400 - INFO - ✅ DateTime: Vietnamese format → ISO 8601
2026-04-08 20:14:28,401 - INFO - ✅ Categories: 11 → 7 (consolidated)
2026-04-08 20:14:28,401 - INFO - ================================================================================
2026-04-08 20:14:28,401 - INFO - Timestamp: 2026-04-08T20:14:28.401363
